SF:lib/models/task.dart
DA:6,1
DA:8,0
DA:9,0
DA:10,0
DA:11,0
DA:12,0
DA:16,1
DA:17,1
DA:18,1
DA:19,1
DA:20,1
LF:11
LH:6
end_of_record
SF:lib/providers/task_provider.dart
DA:11,2
DA:12,2
DA:13,0
DA:15,1
DA:16,2
DA:17,1
DA:18,1
DA:21,1
DA:22,2
DA:23,1
DA:24,2
DA:27,0
DA:28,0
DA:29,0
DA:30,0
DA:31,0
DA:35,0
DA:38,0
DA:39,0
DA:41,0
DA:42,0
DA:43,0
DA:44,0
DA:48,0
DA:50,0
DA:51,0
DA:55,0
DA:56,0
DA:57,0
LF:29
LH:10
end_of_record
SF:lib/services/api_service.g.dart
DA:12,0
DA:17,0
DA:26,0
DA:28,0
DA:29,0
DA:30,0
DA:32,0
DA:37,0
DA:38,0
DA:43,0
DA:44,0
DA:45,0
DA:46,0
DA:48,0
DA:51,0
DA:52,0
DA:53,0
DA:55,0
DA:61,0
DA:62,0
DA:63,0
DA:64,0
DA:65,0
DA:66,0
DA:68,0
DA:74,0
DA:78,0
DA:82,0
DA:84,0
DA:85,0
DA:88,0
LF:31
LH:0
end_of_record
SF:lib/utils/storage.dart
DA:9,1
DA:10,1
DA:11,2
DA:12,1
DA:14,3
DA:17,0
DA:18,0
DA:19,0
DA:20,0
DA:23,0
DA:24,0
DA:25,0
DA:28,0
DA:31,0
DA:34,1
DA:35,1
DA:36,1
DA:39,0
DA:40,0
DA:41,0
LF:20
LH:8
end_of_record
